LocationPluginBuilder/location-plugin/build/intermediates/manifest_merge_blame_file/debug/manifest-merger-blame-debug-report.txt
1<?xml version="1.0" encoding="utf-8"?>
2<manifest xmlns:android="http://schemas.android.com/apk/res/android"
3    package="com.example.location" >
4
5    <uses-sdk android:minSdkVersion="21" />
6
7    <!-- 定位相关权限 -->
8    <uses-permission android:name="android.permission.ACCESS_FINE_LOCATION" />
8-->src/main/AndroidManifest.xml:5:5-79
8-->src/main/AndroidManifest.xml:5:22-76
9    <uses-permission android:name="android.permission.ACCESS_COARSE_LOCATION" />
9-->src/main/AndroidManifest.xml:6:5-81
9-->src/main/AndroidManifest.xml:6:22-78
10
11    <!-- 网络权限（用于网络定位和地址解析） -->
12    <uses-permission android:name="android.permission.INTERNET" />
12-->src/main/AndroidManifest.xml:9:5-67
12-->src/main/AndroidManifest.xml:9:22-64
13    <uses-permission android:name="android.permission.ACCESS_NETWORK_STATE" />
13-->src/main/AndroidManifest.xml:10:5-79
13-->src/main/AndroidManifest.xml:10:22-76
14    <uses-permission android:name="android.permission.ACCESS_WIFI_STATE" />
14-->src/main/AndroidManifest.xml:11:5-76
14-->src/main/AndroidManifest.xml:11:22-73
15
16    <!-- 后台定位权限（Android 10+） -->
17    <uses-permission android:name="android.permission.ACCESS_BACKGROUND_LOCATION" />
17-->src/main/AndroidManifest.xml:14:5-85
17-->src/main/AndroidManifest.xml:14:22-82
18
19    <!-- 硬件特性声明（可选，不强制要求GPS） -->
20    <uses-feature
20-->src/main/AndroidManifest.xml:17:5-19:36
21        android:name="android.hardware.location"
21-->src/main/AndroidManifest.xml:18:9-49
22        android:required="false" />
22-->src/main/AndroidManifest.xml:19:9-33
23    <uses-feature
23-->src/main/AndroidManifest.xml:20:5-22:36
24        android:name="android.hardware.location.gps"
24-->src/main/AndroidManifest.xml:21:9-53
25        android:required="false" />
25-->src/main/AndroidManifest.xml:22:9-33
26    <uses-feature
26-->src/main/AndroidManifest.xml:23:5-25:36
27        android:name="android.hardware.location.network"
27-->src/main/AndroidManifest.xml:24:9-57
28        android:required="false" />
28-->src/main/AndroidManifest.xml:25:9-33
29
30</manifest>